<?xml version="1.0" encoding="UTF-8" ?>
<testsuite tests="10" failures="0" name="pe.edu.unmsm.fisi.upg.ads.cleancode.domain.SpeakerTest" time="0.075" errors="0" skipped="0">
  <properties>
[...]
</properties>
  <testcase classname="pe.edu.unmsm.fisi.upg.ads.cleancode.domain.SpeakerTest" name="register_SingleSessionThatsOnOldTech_ThrowsNoSessionsApprovedException" time="0.003"/>
  <testcase classname="pe.edu.unmsm.fisi.upg.ads.cleancode.domain.SpeakerTest" name="register_NoSessionsPassed_ThrowsArgumentException" time="0"/>
  <testcase classname="pe.edu.unmsm.fisi.upg.ads.cleancode.domain.SpeakerTest" name="register_HasCertificationsButHasRedFlags_ReturnsSpeakerId" time="0"/>
  <testcase classname="pe.edu.unmsm.fisi.upg.ads.cleancode.domain.SpeakerTest" name="register_HasBlogButHasRedFlags_ReturnsSpeakerId" time="0"/>
  <testcase classname="pe.edu.unmsm.fisi.upg.ads.cleancode.domain.SpeakerTest" name="register_EmptyFirstName_ThrowsArgumentNullException" time="0"/>
  <testcase classname="pe.edu.unmsm.fisi.upg.ads.cleancode.domain.SpeakerTest" name="register_DoesntAppearExceptionalAndHasAncientEmail_ThrowsNoSessionsApprovedException" time="0"/>
  <testcase classname="pe.edu.unmsm.fisi.upg.ads.cleancode.domain.SpeakerTest" name="register_WorksForPrestigiousEmployerButHasRedFlags_ReturnsSpeakerId" time="0"/>
  <testcase classname="pe.edu.unmsm.fisi.upg.ads.cleancode.domain.SpeakerTest" name="register_DoesntAppearExceptionalAndUsingOldBrowser_ThrowsNoSessionsApprovedException" time="0"/>
  <testcase classname="pe.edu.unmsm.fisi.upg.ads.cleancode.domain.SpeakerTest" name="register_EmptyLastName_ThrowsArgumentNullException" time="0.003"/>
  <testcase classname="pe.edu.unmsm.fisi.upg.ads.cleancode.domain.SpeakerTest" name="register_EmptyEmail_ThrowsArgumentNullException" time="0"/>
</testsuite>